<?xml version="1.0" encoding="UTF-8"?>
<!-- Generated by org.testng.reporters.JUnitReportReporter -->
<testsuite hostname="DESKTOP-6RB7BQR" failures="0" tests="4" name="seleniumTest.Testng1" time="93.374" errors="0" timestamp="2020-12-19T13:02:41 IST" skipped="0">
  <testcase classname="seleniumTest.Testng1" name="testmethod1" time="31.309"/>
  <system-out/>
  <testcase classname="seleniumTest.Testng1" name="testmethod2" time="23.977"/>
  <system-out/>
  <testcase classname="seleniumTest.Testng1" name="testmethod3" time="24.358"/>
  <system-out/>
  <testcase classname="seleniumTest.Testng1" name="testMethod4" time="13.730"/>
  <system-out/>
</testsuite> <!-- seleniumTest.Testng1 -->
