<?xml version="1.0" encoding="UTF-8"?>
<!-- Generated by org.testng.reporters.JUnitReportReporter -->
<testsuite hostname="DESKTOP-6RB7BQR" failures="0" tests="2" name="com.cleartrip.test.HomePageTest" time="143.625" errors="0" timestamp="2020-12-20T11:32:04 IST" skipped="0">
  <testcase classname="com.cleartrip.test.HomePageTest" name="verifyHomeTest" time="117.562"/>
  <system-out/>
  <testcase classname="com.cleartrip.test.HomePageTest" name="verifySearchFlightsOption" time="26.063"/>
  <system-out/>
</testsuite> <!-- com.cleartrip.test.HomePageTest -->
