<?xml version="1.0" encoding="UTF-8"?>
<!-- Generated by org.testng.reporters.JUnitReportReporter -->
<testsuite hostname="DESKTOP-6RB7BQR" failures="0" tests="4" name="com.cleartrip.test.Testng1" time="133.103" errors="0" timestamp="2020-12-20T11:56:15 IST" skipped="0">
  <testcase classname="com.cleartrip.test.Testng1" name="homePageTest" time="61.319"/>
  <system-out/>
  <testcase classname="com.cleartrip.test.Testng1" name="verifyBookingFlight" time="38.335"/>
  <system-out/>
  <testcase classname="com.cleartrip.test.Testng1" name="verifyItinenarywindow" time="21.215"/>
  <system-out/>
  <testcase classname="com.cleartrip.test.Testng1" name="verifyPassengerDetails" time="12.234"/>
  <system-out/>
</testsuite> <!-- com.cleartrip.test.Testng1 -->
